2022-02-28 21:51:24.357 [main] INFO  de.uni_koblenz.gorjatschev.applyingapis.Utils - 1 with name: apache/marmotta
2022-02-28 21:51:25.234 [main] INFO  de.uni_koblenz.gorjatschev.applyingapis.Utils - 1 with name: hmsonline/cassandra-triggers
2022-02-28 21:51:28.314 [main] INFO  de.uni_koblenz.gorjatschev.applyingapis.Utils - 1 with name: k8ssandra/management-api-for-apache-cassandra
2022-02-28 21:51:30.207 [main] INFO  de.uni_koblenz.gorjatschev.applyingapis.Utils - 1 with name: mhewedy/spring-data-jpa-mongodb-expressions
2022-02-28 21:51:33.256 [main] INFO  de.uni_koblenz.gorjatschev.applyingapis.Utils - 1 with name: jqm4gwt/jqm4gwt
2022-02-28 21:51:37.654 [main] INFO  de.uni_koblenz.gorjatschev.applyingapis.Utils - 1 with name: eclipse/microprofile-opentracing
2022-02-28 21:51:40.595 [main] INFO  de.uni_koblenz.gorjatschev.applyingapis.Utils - 1 with name: MDSplus/mdsplus
2022-02-28 21:51:43.288 [main] INFO  de.uni_koblenz.gorjatschev.applyingapis.Utils - 1 with name: Sunt-ing/SUSTech-CS-Notes
2022-02-28 21:51:46.251 [main] INFO  de.uni_koblenz.gorjatschev.applyingapis.Utils - 1 with name: KimShen/sissi
2022-02-28 21:51:48.836 [main] INFO  de.uni_koblenz.gorjatschev.applyingapis.Utils - 1 with name: jenkinsci/kubernetes-ci-plugin
2022-02-28 21:51:53.816 [main] INFO  de.uni_koblenz.gorjatschev.applyingapis.Utils - 1 with name: tebexio/BuycraftX
2022-02-28 21:51:55.313 [main] INFO  de.uni_koblenz.gorjatschev.applyingapis.Utils - 1 with name: black-ant/case
2022-02-28 21:52:01.615 [main] INFO  de.uni_koblenz.gorjatschev.applyingapis.Utils - 1 with name: clowee/OpenSZZ-Cloud-Native
2022-02-28 21:52:04.514 [main] INFO  de.uni_koblenz.gorjatschev.applyingapis.Utils - Found 100 Java GitHub repositories with at least 100 stars.
2022-02-28 21:52:04.514 [main] INFO  de.uni_koblenz.gorjatschev.applyingapis.Utils - Filtered 13 Java GitHub repositories with at least 100 stars, one POM file, 2 contributors and 100 commits.
2022-02-28 21:52:04.556 [main] INFO  de.uni_koblenz.gorjatschev.applyingapis.Utils - Creating repository manager for mhewedy/spring-data-jpa-mongodb-expressions...
2022-02-28 21:52:12.354 [main] INFO  de.uni_koblenz.gorjatschev.applyingapis.Utils - --Reading POM files...
2022-02-28 21:52:12.422 [main] INFO  de.uni_koblenz.gorjatschev.applyingapis.Utils - Creating dependencies manager...
2022-02-28 21:52:12.423 [main] INFO  de.uni_koblenz.gorjatschev.applyingapis.Utils - --Resolving identifiers (groupId, artifactId, version) of dependencies...
2022-02-28 21:52:12.434 [main] INFO  de.uni_koblenz.gorjatschev.applyingapis.Utils - Creating repository manager for KimShen/sissi...
2022-02-28 21:52:21.155 [main] INFO  de.uni_koblenz.gorjatschev.applyingapis.Utils - --Reading POM files...
2022-02-28 21:52:21.167 [main] INFO  de.uni_koblenz.gorjatschev.applyingapis.Utils - Creating dependencies manager...
2022-02-28 21:52:21.167 [main] INFO  de.uni_koblenz.gorjatschev.applyingapis.Utils - --Resolving identifiers (groupId, artifactId, version) of dependencies...
2022-02-28 21:52:21.176 [main] INFO  de.uni_koblenz.gorjatschev.applyingapis.Utils - Creating repository manager for tebexio/BuycraftX...
2022-02-28 21:52:45.366 [main] INFO  de.uni_koblenz.gorjatschev.applyingapis.Utils - --Reading POM files...
2022-02-28 21:52:45.373 [main] INFO  de.uni_koblenz.gorjatschev.applyingapis.Utils - Creating dependencies manager...
2022-02-28 21:52:45.374 [main] INFO  de.uni_koblenz.gorjatschev.applyingapis.Utils - --Resolving identifiers (groupId, artifactId, version) of dependencies...
2022-02-28 21:52:45.384 [main] INFO  de.uni_koblenz.gorjatschev.applyingapis.Utils - Creating repository manager for apache/marmotta...
2022-02-28 21:53:33.036 [main] INFO  de.uni_koblenz.gorjatschev.applyingapis.Utils - --Reading POM files...
2022-02-28 21:53:33.362 [main] INFO  de.uni_koblenz.gorjatschev.applyingapis.Utils - Creating dependencies manager...
2022-02-28 21:53:33.362 [main] INFO  de.uni_koblenz.gorjatschev.applyingapis.Utils - --Resolving identifiers (groupId, artifactId, version) of dependencies...
2022-02-28 21:53:33.533 [main] INFO  de.uni_koblenz.gorjatschev.applyingapis.Utils - Creating repository manager for Sunt-ing/SUSTech-CS-Notes...
2022-02-28 21:54:09.387 [main] INFO  de.uni_koblenz.gorjatschev.applyingapis.Utils - --Reading POM files...
2022-02-28 21:54:09.400 [main] INFO  de.uni_koblenz.gorjatschev.applyingapis.Utils - Creating dependencies manager...
2022-02-28 21:54:09.400 [main] INFO  de.uni_koblenz.gorjatschev.applyingapis.Utils - --Resolving identifiers (groupId, artifactId, version) of dependencies...
2022-02-28 21:54:09.463 [main] INFO  de.uni_koblenz.gorjatschev.applyingapis.Utils - Creating repository manager for eclipse/microprofile-opentracing...
2022-02-28 21:54:14.848 [main] INFO  de.uni_koblenz.gorjatschev.applyingapis.Utils - --Reading POM files...
2022-02-28 21:54:14.854 [main] INFO  de.uni_koblenz.gorjatschev.applyingapis.Utils - Creating dependencies manager...
2022-02-28 21:54:14.855 [main] INFO  de.uni_koblenz.gorjatschev.applyingapis.Utils - --Resolving identifiers (groupId, artifactId, version) of dependencies...
2022-02-28 21:54:14.879 [main] INFO  de.uni_koblenz.gorjatschev.applyingapis.Utils - Creating repository manager for MDSplus/mdsplus...
2022-02-28 21:56:52.105 [main] INFO  de.uni_koblenz.gorjatschev.applyingapis.Utils - --Reading POM files...
2022-02-28 21:56:52.236 [main] INFO  de.uni_koblenz.gorjatschev.applyingapis.Utils - Creating dependencies manager...
2022-02-28 21:56:52.236 [main] INFO  de.uni_koblenz.gorjatschev.applyingapis.Utils - --Resolving identifiers (groupId, artifactId, version) of dependencies...
2022-02-28 21:56:52.309 [main] INFO  de.uni_koblenz.gorjatschev.applyingapis.Utils - Creating repository manager for clowee/OpenSZZ-Cloud-Native...
2022-02-28 21:56:55.314 [main] INFO  de.uni_koblenz.gorjatschev.applyingapis.Utils - --Reading POM files...
2022-02-28 21:56:55.326 [main] INFO  de.uni_koblenz.gorjatschev.applyingapis.Utils - Creating dependencies manager...
2022-02-28 21:56:55.326 [main] INFO  de.uni_koblenz.gorjatschev.applyingapis.Utils - --Resolving identifiers (groupId, artifactId, version) of dependencies...
2022-02-28 21:56:55.336 [main] INFO  de.uni_koblenz.gorjatschev.applyingapis.Utils - Creating repository manager for k8ssandra/management-api-for-apache-cassandra...
2022-02-28 21:56:58.094 [main] INFO  de.uni_koblenz.gorjatschev.applyingapis.Utils - --Reading POM files...
2022-02-28 21:56:58.096 [main] INFO  de.uni_koblenz.gorjatschev.applyingapis.Utils - Creating dependencies manager...
2022-02-28 21:56:58.096 [main] INFO  de.uni_koblenz.gorjatschev.applyingapis.Utils - --Resolving identifiers (groupId, artifactId, version) of dependencies...
2022-02-28 21:56:58.103 [main] INFO  de.uni_koblenz.gorjatschev.applyingapis.Utils - Creating repository manager for jenkinsci/kubernetes-ci-plugin...
2022-02-28 21:57:01.359 [main] INFO  de.uni_koblenz.gorjatschev.applyingapis.Utils - --Reading POM files...
2022-02-28 21:57:01.361 [main] INFO  de.uni_koblenz.gorjatschev.applyingapis.Utils - Creating dependencies manager...
2022-02-28 21:57:01.362 [main] INFO  de.uni_koblenz.gorjatschev.applyingapis.Utils - --Resolving identifiers (groupId, artifactId, version) of dependencies...
2022-02-28 21:57:01.368 [main] INFO  de.uni_koblenz.gorjatschev.applyingapis.Utils - Creating repository manager for black-ant/case...
2022-02-28 21:57:53.205 [main] INFO  de.uni_koblenz.gorjatschev.applyingapis.Utils - --Reading POM files...
2022-02-28 21:57:53.325 [main] WARN  de.uni_koblenz.gorjatschev.applyingapis.Utils - ----Could not parse "case Compile maven/case bootdependency/pom.xml" because of org.codehaus.plexus.util.xml.pull.XmlPullParserException: TEXT must be immediately followed by END_TAG and not START_TAG (position: START_TAG seen ...<properties>\n            <maven.compiler.source>... @14:36) .
2022-02-28 21:57:53.364 [main] INFO  de.uni_koblenz.gorjatschev.applyingapis.Utils - Creating dependencies manager...
2022-02-28 21:57:53.365 [main] INFO  de.uni_koblenz.gorjatschev.applyingapis.Utils - --Resolving identifiers (groupId, artifactId, version) of dependencies...
2022-02-28 21:57:53.550 [main] INFO  de.uni_koblenz.gorjatschev.applyingapis.Utils - Creating repository manager for jqm4gwt/jqm4gwt...
2022-02-28 21:58:06.842 [main] INFO  de.uni_koblenz.gorjatschev.applyingapis.Utils - --Reading POM files...
2022-02-28 21:58:06.846 [main] INFO  de.uni_koblenz.gorjatschev.applyingapis.Utils - Creating dependencies manager...
2022-02-28 21:58:06.846 [main] INFO  de.uni_koblenz.gorjatschev.applyingapis.Utils - --Resolving identifiers (groupId, artifactId, version) of dependencies...
2022-02-28 21:58:06.858 [main] INFO  de.uni_koblenz.gorjatschev.applyingapis.Utils - Creating repository manager for hmsonline/cassandra-triggers...
2022-02-28 21:58:10.812 [main] INFO  de.uni_koblenz.gorjatschev.applyingapis.Utils - --Reading POM files...
2022-02-28 21:58:10.813 [main] INFO  de.uni_koblenz.gorjatschev.applyingapis.Utils - Creating dependencies manager...
2022-02-28 21:58:10.813 [main] INFO  de.uni_koblenz.gorjatschev.applyingapis.Utils - --Resolving identifiers (groupId, artifactId, version) of dependencies...
2022-02-28 21:58:10.890 [main] INFO  de.uni_koblenz.gorjatschev.applyingapis.Utils - Filtered 12 parsable GitHub repositories with "src/main/java" that contain at least 2 valid dependencies.
2022-02-28 21:58:10.890 [main] INFO  de.uni_koblenz.gorjatschev.applyingapis.Utils - Selecting repositories with not more than 15 dependencies and 200 files that contain the dependencies []...
2022-02-28 21:58:13.688 [main] INFO  de.uni_koblenz.gorjatschev.applyingapis.Utils - Selected 4 GitHub repositories.
2022-02-28 21:58:13.689 [main] INFO  de.uni_koblenz.gorjatschev.applyingapis.Utils - Successful.
2022-02-28 21:58:13.689 [main] INFO  de.uni_koblenz.gorjatschev.applyingapis.Utils - Execution took 0 hour(s), 6 minute(s) and 55 second(s).
